Error in getSingleBookAPI: Error: Either book_id or book_title must be provided.
Error in getSingleBookAPI: Error: Either book_id or book_title must be provided.
Error in getSingleBookAPI: ReferenceError: bookd_id is not defined
Error in getSingleBookAPI: error: invalid input syntax for type integer: "book_title=watchmen"
Error in getSingleUserAPI: error: invalid input syntax for type integer: "username=dv43"
Error in loginUserAPI: ReferenceError: UserNotFoundError is not defined
Error in loginUserAPI: ReferenceError: next is not defined
Error in loginUserAPI: TypeError: next is not a function
Error in loginUserAPI: TypeError: next is not a function
Error in loginUserAPI: DatabaseConnectionErrorAPI: There was an issue trying to reach the database
Error in loginUserAPI: DatabaseConnectionErrorAPI: There was an issue trying to reach the database
Error in createUserAPI: UserExistsErrorAPI: A user with that username already exists
Error in createUserAPI: UserExistsErrorAPI: A user with that username already exists
Error in createUserAPI: PasswordLengthErrorAPI: Password must be at least 8 characters
Error in loginUserAPI: TypeError: confirmUserDB is not a function
Error in loginUserAPI: DatabaseConnectionErrorAPI: There was an issue trying to reach the database
Error in loginUserAPI: DatabaseConnectionErrorAPI: There was an issue trying to reach the database
Error in loginUserAPI: DatabaseConnectionErrorAPI: There was an issue trying to reach the database
Error in loginUserAPI: DatabaseConnectionErrorAPI: There was an issue trying to reach the database
Error in loginUserAPI: DatabaseConnectionErrorAPI: There was an issue trying to reach the database
Error in loginUserAPI: DatabaseConnectionErrorAPI: There was an issue trying to reach the database
Error in loginUserAPI: IncorrectPasswordErrorDB: Incorrect password
Error in loginUserAPI: IncorrectPasswordErrorDB: Incorrect password
Error in loginUserAPI: ReferenceError: next is not defined
Error in loginUserAPI: UserNotFoundErrorDB: No user found
Error in getSingleBookAPI: Error: Book not found.
Error in getSingleBookAPI: error: invalid input syntax for type integer: "book_title=watchmen"
Error in getSingleBookAPI: Error: Book not found.
Error in getSingleBookAPI: Error: Book not found.
Error in getSingleBookAPI: Error: Book not found.
Error in getSingleBookAPI: Error: Book not found.
Error in getSingleBookAPI: Error: Book not found.
Error in getSingleUserAPI: ReferenceError: next is not defined
Error in getSingleUserAPI: TypeError: getSingleUserDB is not a function
Error in getSingleUserAPI: ReferenceError: next is not defined
Error in getSingleUserAPI: UserNotFoundErrorAPI: No user found
Error in getSingleUserAPI: TypeError: getSingleUserDB is not a function
Error in getSingleUserAPI: UserNotFoundErrorAPI: No user found
Error in getSingleUserAPI: InputErrorAPI: Either user_id or username must be provided.
Error in getSingleUserAPI: InputErrorAPI: Either user_id or username must be provided.
Error in loginUserAPI: UserNotFoundErrorDB: No user found
Error in createUserAPI: TypeError: getSingleUserDB is not a function
Error in createUserAPI: UserNotFoundErrorDB: No user found
Error in createUserAPI: UserNotFoundErrorDB: No user found
Error in createUserAPI: PasswordLengthErrorAPI: Password must be at least 8 characters
Error in createUserAPI: PasswordLengthErrorAPI: Password must be at least 8 characters
Error in createUserAPI: UserExistsErrorAPI: A user with that username already exists
Error in getSingleUserAPI: UserNotFoundErrorDB: No user found
Error in getSingleUserAPI: UserNotFoundErrorAPI: No user found
Error in getSingleUserAPI: UserNotFoundErrorDB: No user found
Error in getSingleUserAPI: UserNotFoundErrorDB: No user found
Error in getSingleBookAPI: TypeError: getSingleBookDB is not a function
Error in getSingleBookAPI: InputErrorBooksAPI: Either book_id or book_title must be provided.
Error in getSingleBookAPI: Error: Book not found.
Error in getSingleBookAPI: Error: Book not found.
Error in getSingleBookAPI: BookNotFoundErrorDB: No book found
Error in getSingleBookAPI: Error: Book not found.
Error in getSingleBookAPI: BookNotFoundErrorDB: No book found
Error in getSingleUserAPI: UserNotFoundErrorAPI: No user found
Error in getSingleUserAPI: UserNotFoundErrorDB: No user found
Error in getSingleUserAPI: UserNotFoundErrorDB: No user found
Error in getgAllUsersAPI: TypeError: getAllUsersDB is not a function
Error in getSingleUserAPI: UserNotFoundErrorDB: No user found
Error in getSingleUserAPI: UserNotFoundErrorDB: No user found
Error in loginUserAPI: UserNotFoundErrorDB: No user found
Error in loginUserAPI: IncorrectPasswordErrorDB: Incorrect password
Error in createUserAPI: UserExistsErrorAPI: A user with that username already exists
Error in createUserAPI: UserExistsErrorAPI: A user with that username already exists
Error in createUserAPI: PasswordLengthErrorAPI: Password must be at least 8 characters
Error in createUserAPI: ReferenceError: bcrypt is not defined
Error in loginUserAPI: IncorrectPasswordErrorDB: Incorrect password
Error in createBookAPI: TypeError: Cannot destructure property 'book_id' of 'undefined' as it is undefined.
Error in createBookAPI: TypeError: Cannot destructure property 'book_id' of 'undefined' as it is undefined.
Error in createBookAPI: TypeError: Cannot destructure property 'book_id' of 'undefined' as it is undefined.
Error in createBookAPI: MissingBookInfoErrorDB: No book_id or book_title provided
Error in createBookAPI: BookNotFoundErrorDB: No book found
Error in createBookAPI: BookNotFoundErrorDB: No book found
Error in createBookAPI: BookNotFoundErrorDB: No book found
Error in createBookAPI: BookNotFoundErrorDB: No book found
Error in createBookAPI: BookNotFoundErrorDB: No book found
Error in createBookAPI: BookNotFoundErrorDB: No book found
Error in createBookAPI: ItemAlreadyExistsErrorAPI: An instance of this item already exists in the database
Error in createBookAPI: MissingBookInfoErrorDB: No book_id or book_title provided
Error in createBookAPI: error: invalid input syntax for type date: ""
Error in createBookAPI: error: invalid input syntax for type date: ""
Error in createBookAPI: ItemAlreadyExistsErrorAPI: An instance of this item already exists in the database
